[2016-06-21 19:31:26] development.ERROR: exception 'PDOException' with message 'SQLSTATE[HY000]: General error: 1 table "migrations" already exists' in /Users/richardmasefield/Documents/websites/oauth/satellizer/examples/server/php/vendor/laravel/framework/src/Illuminate/Database/Connection.php:390
Stack trace:
#0 /Users/richardmasefield/Documents/websites/oauth/satellizer/examples/server/php/vendor/laravel/framework/src/Illuminate/Database/Connection.php(390): PDO->prepare('create table "m...')
#1 /Users/richardmasefield/Documents/websites/oauth/satellizer/examples/server/php/vendor/laravel/framework/src/Illuminate/Database/Connection.php(644): Illuminate\Database\Connection->Illuminate\Database\{closure}(Object(Illuminate\Database\SQLiteConnection), 'create table "m...', Array)
#2 /Users/richardmasefield/Documents/websites/oauth/satellizer/examples/server/php/vendor/laravel/framework/src/Illuminate/Database/Connection.php(611): Illuminate\Database\Connection->runQueryCallback('create table "m...', Array, Object(Closure))
#3 /Users/richardmasefield/Documents/websites/oauth/satellizer/examples/server/php/vendor/laravel/framework/src/Illuminate/Database/Connection.php(391): Illuminate\Database\Connection->run('create table "m...', Array, Object(Closure))
#4 /Users/richardmasefield/Documents/websites/oauth/satellizer/examples/server/php/vendor/laravel/framework/src/Illuminate/Database/Schema/Blueprint.php(83): Illuminate\Database\Connection->statement('create table "m...')
#5 /Users/richardmasefield/Documents/websites/oauth/satellizer/examples/server/php/vendor/laravel/framework/src/Illuminate/Database/Schema/Builder.php(191): Illuminate\Database\Schema\Blueprint->build(Object(Illuminate\Database\SQLiteConnection), Object(Illuminate\Database\Schema\Grammars\SQLiteGrammar))
#6 /Users/richardmasefield/Documents/websites/oauth/satellizer/examples/server/php/vendor/laravel/framework/src/Illuminate/Database/Schema/Builder.php(134): Illuminate\Database\Schema\Builder->build(Object(Illuminate\Database\Schema\Blueprint))
#7 /Users/richardmasefield/Documents/websites/oauth/satellizer/examples/server/php/vendor/laravel/framework/src/Illuminate/Database/Migrations/DatabaseMigrationRepository.php(129): Illuminate\Database\Schema\Builder->create('migrations', Object(Closure))
#8 /Users/richardmasefield/Documents/websites/oauth/satellizer/examples/server/php/vendor/laravel/framework/src/Illuminate/Database/Console/Migrations/InstallCommand.php(54): Illuminate\Database\Migrations\DatabaseMigrationRepository->createRepository()
#9 [internal function]: Illuminate\Database\Console\Migrations\InstallCommand->fire()
#10 /Users/richardmasefield/Documents/websites/oauth/satellizer/examples/server/php/vendor/laravel/framework/src/Illuminate/Container/Container.php(507): call_user_func_array(Array, Array)
#11 /Users/richardmasefield/Documents/websites/oauth/satellizer/examples/server/php/vendor/laravel/framework/src/Illuminate/Console/Command.php(169): Illuminate\Container\Container->call(Array)
#12 /Users/richardmasefield/Documents/websites/oauth/satellizer/examples/server/php/vendor/symfony/console/Command/Command.php(259): Illuminate\Console\Command->execute(Object(Symfony\Component\Console\Input\ArgvInput), Object(Symfony\Component\Console\Output\ConsoleOutput))
#13 /Users/richardmasefield/Documents/websites/oauth/satellizer/examples/server/php/vendor/laravel/framework/src/Illuminate/Console/Command.php(155): Symfony\Component\Console\Command\Command->run(Object(Symfony\Component\Console\Input\ArgvInput), Object(Symfony\Component\Console\Output\ConsoleOutput))
#14 /Users/richardmasefield/Documents/websites/oauth/satellizer/examples/server/php/vendor/symfony/console/Application.php(841): Illuminate\Console\Command->run(Object(Symfony\Component\Console\Input\ArgvInput), Object(Symfony\Component\Console\Output\ConsoleOutput))
#15 /Users/richardmasefield/Documents/websites/oauth/satellizer/examples/server/php/vendor/symfony/console/Application.php(192): Symfony\Component\Console\Application->doRunCommand(Object(Illuminate\Database\Console\Migrations\InstallCommand), Object(Symfony\Component\Console\Input\ArgvInput), Object(Symfony\Component\Console\Output\ConsoleOutput))
#16 /Users/richardmasefield/Documents/websites/oauth/satellizer/examples/server/php/vendor/symfony/console/Application.php(123): Symfony\Component\Console\Application->doRun(Object(Symfony\Component\Console\Input\ArgvInput), Object(Symfony\Component\Console\Output\ConsoleOutput))
#17 /Users/richardmasefield/Documents/websites/oauth/satellizer/examples/server/php/vendor/laravel/framework/src/Illuminate/Foundation/Console/Kernel.php(107): Symfony\Component\Console\Application->run(Object(Symfony\Component\Console\Input\ArgvInput), Object(Symfony\Component\Console\Output\ConsoleOutput))
#18 /Users/richardmasefield/Documents/websites/oauth/satellizer/examples/server/php/artisan(36): Illuminate\Foundation\Console\Kernel->handle(Object(Symfony\Component\Console\Input\ArgvInput), Object(Symfony\Component\Console\Output\ConsoleOutput))
#19 {main}

Next exception 'Illuminate\Database\QueryException' with message 'SQLSTATE[HY000]: General error: 1 table "migrations" already exists (SQL: create table "migrations" ("migration" varchar not null, "batch" integer not null))' in /Users/richardmasefield/Documents/websites/oauth/satellizer/examples/server/php/vendor/laravel/framework/src/Illuminate/Database/Connection.php:651
Stack trace:
#0 /Users/richardmasefield/Documents/websites/oauth/satellizer/examples/server/php/vendor/laravel/framework/src/Illuminate/Database/Connection.php(611): Illuminate\Database\Connection->runQueryCallback('create table "m...', Array, Object(Closure))
#1 /Users/richardmasefield/Documents/websites/oauth/satellizer/examples/server/php/vendor/laravel/framework/src/Illuminate/Database/Connection.php(391): Illuminate\Database\Connection->run('create table "m...', Array, Object(Closure))
#2 /Users/richardmasefield/Documents/websites/oauth/satellizer/examples/server/php/vendor/laravel/framework/src/Illuminate/Database/Schema/Blueprint.php(83): Illuminate\Database\Connection->statement('create table "m...')
#3 /Users/richardmasefield/Documents/websites/oauth/satellizer/examples/server/php/vendor/laravel/framework/src/Illuminate/Database/Schema/Builder.php(191): Illuminate\Database\Schema\Blueprint->build(Object(Illuminate\Database\SQLiteConnection), Object(Illuminate\Database\Schema\Grammars\SQLiteGrammar))
#4 /Users/richardmasefield/Documents/websites/oauth/satellizer/examples/server/php/vendor/laravel/framework/src/Illuminate/Database/Schema/Builder.php(134): Illuminate\Database\Schema\Builder->build(Object(Illuminate\Database\Schema\Blueprint))
#5 /Users/richardmasefield/Documents/websites/oauth/satellizer/examples/server/php/vendor/laravel/framework/src/Illuminate/Database/Migrations/DatabaseMigrationRepository.php(129): Illuminate\Database\Schema\Builder->create('migrations', Object(Closure))
#6 /Users/richardmasefield/Documents/websites/oauth/satellizer/examples/server/php/vendor/laravel/framework/src/Illuminate/Database/Console/Migrations/InstallCommand.php(54): Illuminate\Database\Migrations\DatabaseMigrationRepository->createRepository()
#7 [internal function]: Illuminate\Database\Console\Migrations\InstallCommand->fire()
#8 /Users/richardmasefield/Documents/websites/oauth/satellizer/examples/server/php/vendor/laravel/framework/src/Illuminate/Container/Container.php(507): call_user_func_array(Array, Array)
#9 /Users/richardmasefield/Documents/websites/oauth/satellizer/examples/server/php/vendor/laravel/framework/src/Illuminate/Console/Command.php(169): Illuminate\Container\Container->call(Array)
#10 /Users/richardmasefield/Documents/websites/oauth/satellizer/examples/server/php/vendor/symfony/console/Command/Command.php(259): Illuminate\Console\Command->execute(Object(Symfony\Component\Console\Input\ArgvInput), Object(Symfony\Component\Console\Output\ConsoleOutput))
#11 /Users/richardmasefield/Documents/websites/oauth/satellizer/examples/server/php/vendor/laravel/framework/src/Illuminate/Console/Command.php(155): Symfony\Component\Console\Command\Command->run(Object(Symfony\Component\Console\Input\ArgvInput), Object(Symfony\Component\Console\Output\ConsoleOutput))
#12 /Users/richardmasefield/Documents/websites/oauth/satellizer/examples/server/php/vendor/symfony/console/Application.php(841): Illuminate\Console\Command->run(Object(Symfony\Component\Console\Input\ArgvInput), Object(Symfony\Component\Console\Output\ConsoleOutput))
#13 /Users/richardmasefield/Documents/websites/oauth/satellizer/examples/server/php/vendor/symfony/console/Application.php(192): Symfony\Component\Console\Application->doRunCommand(Object(Illuminate\Database\Console\Migrations\InstallCommand), Object(Symfony\Component\Console\Input\ArgvInput), Object(Symfony\Component\Console\Output\ConsoleOutput))
#14 /Users/richardmasefield/Documents/websites/oauth/satellizer/examples/server/php/vendor/symfony/console/Application.php(123): Symfony\Component\Console\Application->doRun(Object(Symfony\Component\Console\Input\ArgvInput), Object(Symfony\Component\Console\Output\ConsoleOutput))
#15 /Users/richardmasefield/Documents/websites/oauth/satellizer/examples/server/php/vendor/laravel/framework/src/Illuminate/Foundation/Console/Kernel.php(107): Symfony\Component\Console\Application->run(Object(Symfony\Component\Console\Input\ArgvInput), Object(Symfony\Component\Console\Output\ConsoleOutput))
#16 /Users/richardmasefield/Documents/websites/oauth/satellizer/examples/server/php/artisan(36): Illuminate\Foundation\Console\Kernel->handle(Object(Symfony\Component\Console\Input\ArgvInput), Object(Symfony\Component\Console\Output\ConsoleOutput))
#17 {main}  
[2016-06-21 19:31:38] development.ERROR: exception 'Symfony\Component\Console\Exception\CommandNotFoundException' with message 'Command "migrate:update" is not defined.

Did you mean one of these?
    migrate:refresh
    migrate:status
    migrate:reset
    migrate:rollback
    migrate:install
    migrate' in /Users/richardmasefield/Documents/websites/oauth/satellizer/examples/server/php/vendor/symfony/console/Application.php:514
Stack trace:
#0 /Users/richardmasefield/Documents/websites/oauth/satellizer/examples/server/php/vendor/symfony/console/Application.php(189): Symfony\Component\Console\Application->find('migrate:update')
#1 /Users/richardmasefield/Documents/websites/oauth/satellizer/examples/server/php/vendor/symfony/console/Application.php(123): Symfony\Component\Console\Application->doRun(Object(Symfony\Component\Console\Input\ArgvInput), Object(Symfony\Component\Console\Output\ConsoleOutput))
#2 /Users/richardmasefield/Documents/websites/oauth/satellizer/examples/server/php/vendor/laravel/framework/src/Illuminate/Foundation/Console/Kernel.php(107): Symfony\Component\Console\Application->run(Object(Symfony\Component\Console\Input\ArgvInput), Object(Symfony\Component\Console\Output\ConsoleOutput))
#3 /Users/richardmasefield/Documents/websites/oauth/satellizer/examples/server/php/artisan(36): Illuminate\Foundation\Console\Kernel->handle(Object(Symfony\Component\Console\Input\ArgvInput), Object(Symfony\Component\Console\Output\ConsoleOutput))
#4 {main}  
[2016-06-21 19:32:46] development.ERROR: exception 'GuzzleHttp\Exception\ClientException' with message 'Client error: `GET https://graph.facebook.com/v2.5/oauth/access_token?code=AQCvfNAcDLCBVfbOvZChyHcJpfwhq-QOwNpw8wrPCwiNHdMWOxAV0OjPwWGjap5dWWVELt1cSagcg0wZyrKwE5Nu_esJdRu_kRM3gGp6EhQU-tQb9wrKIjyHIwlfB8KoPayA8oxT2UJYKB9z80kXCniS2tJfnU0JU_ZMmpCI2z5ftVJOTtiojFs7OOe4N86HcTUUwNxRB6rJAKb0CnDdAb10-0QIoTATsMmFnPpwev-yPrO_n_lz1oAc-os0Ge-dUR_AGEQynDTv0yPcmQmZbKbl-yvRaSuSzcWqC9ZYd4FwuEhxTlqp6Y7E8gbkloObBCg&client_id=1325731000788347&redirect_uri=http%3A%2F%2Foauth.local%2F&client_secret=` resulted in a `400 Bad Request` response:
{"error":{"message":"Error validating client secret.","type":"OAuthException","code":1,"fbtrace_id":"BCQJIiaiJsZ"}}
' in /Users/richardmasefield/Documents/websites/oauth/satellizer/examples/server/php/vendor/guzzlehttp/guzzle/src/Exception/RequestException.php:107
Stack trace:
#0 /Users/richardmasefield/Documents/websites/oauth/satellizer/examples/server/php/vendor/guzzlehttp/guzzle/src/Middleware.php(65): GuzzleHttp\Exception\RequestException::create(Object(GuzzleHttp\Psr7\Request), Object(GuzzleHttp\Psr7\Response))
#1 /Users/richardmasefield/Documents/websites/oauth/satellizer/examples/server/php/vendor/guzzlehttp/promises/src/Promise.php(199): GuzzleHttp\Middleware::GuzzleHttp\{closure}(Object(GuzzleHttp\Psr7\Response))
#2 /Users/richardmasefield/Documents/websites/oauth/satellizer/examples/server/php/vendor/guzzlehttp/promises/src/Promise.php(152): GuzzleHttp\Promise\Promise::callHandler(1, Object(GuzzleHttp\Psr7\Response), Array)
#3 /Users/richardmasefield/Documents/websites/oauth/satellizer/examples/server/php/vendor/guzzlehttp/promises/src/TaskQueue.php(60): GuzzleHttp\Promise\Promise::GuzzleHttp\Promise\{closure}()
#4 /Users/richardmasefield/Documents/websites/oauth/satellizer/examples/server/php/vendor/guzzlehttp/promises/src/Promise.php(240): GuzzleHttp\Promise\TaskQueue->run(true)
#5 /Users/richardmasefield/Documents/websites/oauth/satellizer/examples/server/php/vendor/guzzlehttp/promises/src/Promise.php(217): GuzzleHttp\Promise\Promise->invokeWaitFn()
#6 /Users/richardmasefield/Documents/websites/oauth/satellizer/examples/server/php/vendor/guzzlehttp/promises/src/Promise.php(261): GuzzleHttp\Promise\Promise->waitIfPending()
#7 /Users/richardmasefield/Documents/websites/oauth/satellizer/examples/server/php/vendor/guzzlehttp/promises/src/Promise.php(219): GuzzleHttp\Promise\Promise->invokeWaitList()
#8 /Users/richardmasefield/Documents/websites/oauth/satellizer/examples/server/php/vendor/guzzlehttp/promises/src/Promise.php(62): GuzzleHttp\Promise\Promise->waitIfPending()
#9 /Users/richardmasefield/Documents/websites/oauth/satellizer/examples/server/php/vendor/guzzlehttp/guzzle/src/Client.php(129): GuzzleHttp\Promise\Promise->wait()
#10 /Users/richardmasefield/Documents/websites/oauth/satellizer/examples/server/php/app/Http/Controllers/AuthController.php(114): GuzzleHttp\Client->request('GET', 'https://graph.f...', Array)
#11 [internal function]: App\Http\Controllers\AuthController->facebook(Object(Illuminate\Http\Request))
#12 /Users/richardmasefield/Documents/websites/oauth/satellizer/examples/server/php/vendor/laravel/framework/src/Illuminate/Routing/Controller.php(76): call_user_func_array(Array, Array)
#13 /Users/richardmasefield/Documents/websites/oauth/satellizer/examples/server/php/vendor/laravel/framework/src/Illuminate/Routing/ControllerDispatcher.php(146): Illuminate\Routing\Controller->callAction('facebook', Array)
#14 /Users/richardmasefield/Documents/websites/oauth/satellizer/examples/server/php/vendor/laravel/framework/src/Illuminate/Routing/ControllerDispatcher.php(94): Illuminate\Routing\ControllerDispatcher->call(Object(App\Http\Controllers\AuthController), Object(Illuminate\Routing\Route), 'facebook')
#15 [internal function]: Illuminate\Routing\ControllerDispatcher->Illuminate\Routing\{closure}(Object(Illuminate\Http\Request))
#16 /Users/richardmasefield/Documents/websites/oauth/satellizer/examples/server/php/vendor/laravel/framework/src/Illuminate/Pipeline/Pipeline.php(139): call_user_func(Object(Closure), Object(Illuminate\Http\Request))
#17 [internal function]: Illuminate\Pipeline\Pipeline->Illuminate\Pipeline\{closure}(Object(Illuminate\Http\Request))
#18 /Users/richardmasefield/Documents/websites/oauth/satellizer/examples/server/php/vendor/laravel/framework/src/Illuminate/Pipeline/Pipeline.php(103): call_user_func(Object(Closure), Object(Illuminate\Http\Request))
#19 /Users/richardmasefield/Documents/websites/oauth/satellizer/examples/server/php/vendor/laravel/framework/src/Illuminate/Routing/ControllerDispatcher.php(96): Illuminate\Pipeline\Pipeline->then(Object(Closure))
#20 /Users/richardmasefield/Documents/websites/oauth/satellizer/examples/server/php/vendor/laravel/framework/src/Illuminate/Routing/ControllerDispatcher.php(54): Illuminate\Routing\ControllerDispatcher->callWithinStack(Object(App\Http\Controllers\AuthController), Object(Illuminate\Routing\Route), Object(Illuminate\Http\Request), 'facebook')
#21 /Users/richardmasefield/Documents/websites/oauth/satellizer/examples/server/php/vendor/laravel/framework/src/Illuminate/Routing/Route.php(174): Illuminate\Routing\ControllerDispatcher->dispatch(Object(Illuminate\Routing\Route), Object(Illuminate\Http\Request), 'App\Http\Contro...', 'facebook')
#22 /Users/richardmasefield/Documents/websites/oauth/satellizer/examples/server/php/vendor/laravel/framework/src/Illuminate/Routing/Route.php(140): Illuminate\Routing\Route->runController(Object(Illuminate\Http\Request))
#23 /Users/richardmasefield/Documents/websites/oauth/satellizer/examples/server/php/vendor/laravel/framework/src/Illuminate/Routing/Router.php(703): Illuminate\Routing\Route->run(Object(Illuminate\Http\Request))
#24 [internal function]: Illuminate\Routing\Router->Illuminate\Routing\{closure}(Object(Illuminate\Http\Request))
#25 /Users/richardmasefield/Documents/websites/oauth/satellizer/examples/server/php/vendor/laravel/framework/src/Illuminate/Pipeline/Pipeline.php(139): call_user_func(Object(Closure), Object(Illuminate\Http\Request))
#26 [internal function]: Illuminate\Pipeline\Pipeline->Illuminate\Pipeline\{closure}(Object(Illuminate\Http\Request))
#27 /Users/richardmasefield/Documents/websites/oauth/satellizer/examples/server/php/vendor/laravel/framework/src/Illuminate/Pipeline/Pipeline.php(103): call_user_func(Object(Closure), Object(Illuminate\Http\Request))
#28 /Users/richardmasefield/Documents/websites/oauth/satellizer/examples/server/php/vendor/laravel/framework/src/Illuminate/Routing/Router.php(705): Illuminate\Pipeline\Pipeline->then(Object(Closure))
#29 /Users/richardmasefield/Documents/websites/oauth/satellizer/examples/server/php/vendor/laravel/framework/src/Illuminate/Routing/Router.php(678): Illuminate\Routing\Router->runRouteWithinStack(Object(Illuminate\Routing\Route), Object(Illuminate\Http\Request))
#30 /Users/richardmasefield/Documents/websites/oauth/satellizer/examples/server/php/vendor/laravel/framework/src/Illuminate/Routing/Router.php(654): Illuminate\Routing\Router->dispatchToRoute(Object(Illuminate\Http\Request))
#31 /Users/richardmasefield/Documents/websites/oauth/satellizer/examples/server/php/vendor/laravel/framework/src/Illuminate/Foundation/Http/Kernel.php(246): Illuminate\Routing\Router->dispatch(Object(Illuminate\Http\Request))
#32 [internal function]: Illuminate\Foundation\Http\Kernel->Illuminate\Foundation\Http\{closure}(Object(Illuminate\Http\Request))
#33 /Users/richardmasefield/Documents/websites/oauth/satellizer/examples/server/php/vendor/laravel/framework/src/Illuminate/Pipeline/Pipeline.php(139): call_user_func(Object(Closure), Object(Illuminate\Http\Request))
#34 /Users/richardmasefield/Documents/websites/oauth/satellizer/examples/server/php/vendor/laravel/framework/src/Illuminate/View/Middleware/ShareErrorsFromSession.php(49): Illuminate\Pipeline\Pipeline->Illuminate\Pipeline\{closure}(Object(Illuminate\Http\Request))
#35 [internal function]: Illuminate\View\Middleware\ShareErrorsFromSession->handle(Object(Illuminate\Http\Request), Object(Closure))
#36 /Users/richardmasefield/Documents/websites/oauth/satellizer/examples/server/php/vendor/laravel/framework/src/Illuminate/Pipeline/Pipeline.php(124): call_user_func_array(Array, Array)
#37 /Users/richardmasefield/Documents/websites/oauth/satellizer/examples/server/php/vendor/laravel/framework/src/Illuminate/Session/Middleware/StartSession.php(62): Illuminate\Pipeline\Pipeline->Illuminate\Pipeline\{closure}(Object(Illuminate\Http\Request))
#38 [internal function]: Illuminate\Session\Middleware\StartSession->handle(Object(Illuminate\Http\Request), Object(Closure))
#39 /Users/richardmasefield/Documents/websites/oauth/satellizer/examples/server/php/vendor/laravel/framework/src/Illuminate/Pipeline/Pipeline.php(124): call_user_func_array(Array, Array)
#40 /Users/richardmasefield/Documents/websites/oauth/satellizer/examples/server/php/vendor/laravel/framework/src/Illuminate/Cookie/Middleware/AddQueuedCookiesToResponse.php(37): Illuminate\Pipeline\Pipeline->Illuminate\Pipeline\{closure}(Object(Illuminate\Http\Request))
#41 [internal function]: Illuminate\Cookie\Middleware\AddQueuedCookiesToResponse->handle(Object(Illuminate\Http\Request), Object(Closure))
#42 /Users/richardmasefield/Documents/websites/oauth/satellizer/examples/server/php/vendor/laravel/framework/src/Illuminate/Pipeline/Pipeline.php(124): call_user_func_array(Array, Array)
#43 /Users/richardmasefield/Documents/websites/oauth/satellizer/examples/server/php/vendor/laravel/framework/src/Illuminate/Cookie/Middleware/EncryptCookies.php(59): Illuminate\Pipeline\Pipeline->Illuminate\Pipeline\{closure}(Object(Illuminate\Http\Request))
#44 [internal function]: Illuminate\Cookie\Middleware\EncryptCookies->handle(Object(Illuminate\Http\Request), Object(Closure))
#45 /Users/richardmasefield/Documents/websites/oauth/satellizer/examples/server/php/vendor/laravel/framework/src/Illuminate/Pipeline/Pipeline.php(124): call_user_func_array(Array, Array)
#46 /Users/richardmasefield/Documents/websites/oauth/satellizer/examples/server/php/vendor/laravel/framework/src/Illuminate/Foundation/Http/Middleware/CheckForMaintenanceMode.php(44): Illuminate\Pipeline\Pipeline->Illuminate\Pipeline\{closure}(Object(Illuminate\Http\Request))
#47 [internal function]: Illuminate\Foundation\Http\Middleware\CheckForMaintenanceMode->handle(Object(Illuminate\Http\Request), Object(Closure))
#48 /Users/richardmasefield/Documents/websites/oauth/satellizer/examples/server/php/vendor/laravel/framework/src/Illuminate/Pipeline/Pipeline.php(124): call_user_func_array(Array, Array)
#49 [internal function]: Illuminate\Pipeline\Pipeline->Illuminate\Pipeline\{closure}(Object(Illuminate\Http\Request))
#50 /Users/richardmasefield/Documents/websites/oauth/satellizer/examples/server/php/vendor/laravel/framework/src/Illuminate/Pipeline/Pipeline.php(103): call_user_func(Object(Closure), Object(Illuminate\Http\Request))
#51 /Users/richardmasefield/Documents/websites/oauth/satellizer/examples/server/php/vendor/laravel/framework/src/Illuminate/Foundation/Http/Kernel.php(132): Illuminate\Pipeline\Pipeline->then(Object(Closure))
#52 /Users/richardmasefield/Documents/websites/oauth/satellizer/examples/server/php/vendor/laravel/framework/src/Illuminate/Foundation/Http/Kernel.php(99): Illuminate\Foundation\Http\Kernel->sendRequestThroughRouter(Object(Illuminate\Http\Request))
#53 /Users/richardmasefield/Documents/websites/oauth/satellizer/examples/server/php/public/index.php(53): Illuminate\Foundation\Http\Kernel->handle(Object(Illuminate\Http\Request))
#54 {main}  
[2016-06-21 19:33:37] development.ERROR: exception 'GuzzleHttp\Exception\ClientException' with message 'Client error: `GET https://graph.facebook.com/v2.5/oauth/access_token?code=AQDmQHPaofsTdh3EuGf6jUYTliblFVugczhp2UEixATAITEIS-wo_TtSifmqhP2elEgiubBNpYAM23-Djj3wW4Of7gyEuCuI3aK0Qc-YeOyGbxHq8sWEbnMGjD6r0BDCMwLtjSTfcJqFxAbnr82Ywr2QwK_DiKasHitySb1wJZMofHLRzJQ6jSHYTP8uTNTparVLXCv_Y2ck5073xxUwzYTCVzfj7mM29tnnaXzeQs6eAUn7_bs6anLLhFiTcan_2n8OfmT8gPEJiUodAKzN1dGOOKNqx12zyfAWpoZLoOxgbwUWmUzHTA6zrQOX85sPmlQ&client_id=1325731000788347&redirect_uri=http%3A%2F%2Foauth.local%2F&client_secret=` resulted in a `400 Bad Request` response:
{"error":{"message":"Error validating client secret.","type":"OAuthException","code":1,"fbtrace_id":"HQaA4OG\/hil"}}
' in /Users/richardmasefield/Documents/websites/oauth/satellizer/examples/server/php/vendor/guzzlehttp/guzzle/src/Exception/RequestException.php:107
Stack trace:
#0 /Users/richardmasefield/Documents/websites/oauth/satellizer/examples/server/php/vendor/guzzlehttp/guzzle/src/Middleware.php(65): GuzzleHttp\Exception\RequestException::create(Object(GuzzleHttp\Psr7\Request), Object(GuzzleHttp\Psr7\Response))
#1 /Users/richardmasefield/Documents/websites/oauth/satellizer/examples/server/php/vendor/guzzlehttp/promises/src/Promise.php(199): GuzzleHttp\Middleware::GuzzleHttp\{closure}(Object(GuzzleHttp\Psr7\Response))
#2 /Users/richardmasefield/Documents/websites/oauth/satellizer/examples/server/php/vendor/guzzlehttp/promises/src/Promise.php(152): GuzzleHttp\Promise\Promise::callHandler(1, Object(GuzzleHttp\Psr7\Response), Array)
#3 /Users/richardmasefield/Documents/websites/oauth/satellizer/examples/server/php/vendor/guzzlehttp/promises/src/TaskQueue.php(60): GuzzleHttp\Promise\Promise::GuzzleHttp\Promise\{closure}()
#4 /Users/richardmasefield/Documents/websites/oauth/satellizer/examples/server/php/vendor/guzzlehttp/promises/src/Promise.php(240): GuzzleHttp\Promise\TaskQueue->run(true)
#5 /Users/richardmasefield/Documents/websites/oauth/satellizer/examples/server/php/vendor/guzzlehttp/promises/src/Promise.php(217): GuzzleHttp\Promise\Promise->invokeWaitFn()
#6 /Users/richardmasefield/Documents/websites/oauth/satellizer/examples/server/php/vendor/guzzlehttp/promises/src/Promise.php(261): GuzzleHttp\Promise\Promise->waitIfPending()
#7 /Users/richardmasefield/Documents/websites/oauth/satellizer/examples/server/php/vendor/guzzlehttp/promises/src/Promise.php(219): GuzzleHttp\Promise\Promise->invokeWaitList()
#8 /Users/richardmasefield/Documents/websites/oauth/satellizer/examples/server/php/vendor/guzzlehttp/promises/src/Promise.php(62): GuzzleHttp\Promise\Promise->waitIfPending()
#9 /Users/richardmasefield/Documents/websites/oauth/satellizer/examples/server/php/vendor/guzzlehttp/guzzle/src/Client.php(129): GuzzleHttp\Promise\Promise->wait()
#10 /Users/richardmasefield/Documents/websites/oauth/satellizer/examples/server/php/app/Http/Controllers/AuthController.php(114): GuzzleHttp\Client->request('GET', 'https://graph.f...', Array)
#11 [internal function]: App\Http\Controllers\AuthController->facebook(Object(Illuminate\Http\Request))
#12 /Users/richardmasefield/Documents/websites/oauth/satellizer/examples/server/php/vendor/laravel/framework/src/Illuminate/Routing/Controller.php(76): call_user_func_array(Array, Array)
#13 /Users/richardmasefield/Documents/websites/oauth/satellizer/examples/server/php/vendor/laravel/framework/src/Illuminate/Routing/ControllerDispatcher.php(146): Illuminate\Routing\Controller->callAction('facebook', Array)
#14 /Users/richardmasefield/Documents/websites/oauth/satellizer/examples/server/php/vendor/laravel/framework/src/Illuminate/Routing/ControllerDispatcher.php(94): Illuminate\Routing\ControllerDispatcher->call(Object(App\Http\Controllers\AuthController), Object(Illuminate\Routing\Route), 'facebook')
#15 [internal function]: Illuminate\Routing\ControllerDispatcher->Illuminate\Routing\{closure}(Object(Illuminate\Http\Request))
#16 /Users/richardmasefield/Documents/websites/oauth/satellizer/examples/server/php/vendor/laravel/framework/src/Illuminate/Pipeline/Pipeline.php(139): call_user_func(Object(Closure), Object(Illuminate\Http\Request))
#17 [internal function]: Illuminate\Pipeline\Pipeline->Illuminate\Pipeline\{closure}(Object(Illuminate\Http\Request))
#18 /Users/richardmasefield/Documents/websites/oauth/satellizer/examples/server/php/vendor/laravel/framework/src/Illuminate/Pipeline/Pipeline.php(103): call_user_func(Object(Closure), Object(Illuminate\Http\Request))
#19 /Users/richardmasefield/Documents/websites/oauth/satellizer/examples/server/php/vendor/laravel/framework/src/Illuminate/Routing/ControllerDispatcher.php(96): Illuminate\Pipeline\Pipeline->then(Object(Closure))
#20 /Users/richardmasefield/Documents/websites/oauth/satellizer/examples/server/php/vendor/laravel/framework/src/Illuminate/Routing/ControllerDispatcher.php(54): Illuminate\Routing\ControllerDispatcher->callWithinStack(Object(App\Http\Controllers\AuthController), Object(Illuminate\Routing\Route), Object(Illuminate\Http\Request), 'facebook')
#21 /Users/richardmasefield/Documents/websites/oauth/satellizer/examples/server/php/vendor/laravel/framework/src/Illuminate/Routing/Route.php(174): Illuminate\Routing\ControllerDispatcher->dispatch(Object(Illuminate\Routing\Route), Object(Illuminate\Http\Request), 'App\Http\Contro...', 'facebook')
#22 /Users/richardmasefield/Documents/websites/oauth/satellizer/examples/server/php/vendor/laravel/framework/src/Illuminate/Routing/Route.php(140): Illuminate\Routing\Route->runController(Object(Illuminate\Http\Request))
#23 /Users/richardmasefield/Documents/websites/oauth/satellizer/examples/server/php/vendor/laravel/framework/src/Illuminate/Routing/Router.php(703): Illuminate\Routing\Route->run(Object(Illuminate\Http\Request))
#24 [internal function]: Illuminate\Routing\Router->Illuminate\Routing\{closure}(Object(Illuminate\Http\Request))
#25 /Users/richardmasefield/Documents/websites/oauth/satellizer/examples/server/php/vendor/laravel/framework/src/Illuminate/Pipeline/Pipeline.php(139): call_user_func(Object(Closure), Object(Illuminate\Http\Request))
#26 [internal function]: Illuminate\Pipeline\Pipeline->Illuminate\Pipeline\{closure}(Object(Illuminate\Http\Request))
#27 /Users/richardmasefield/Documents/websites/oauth/satellizer/examples/server/php/vendor/laravel/framework/src/Illuminate/Pipeline/Pipeline.php(103): call_user_func(Object(Closure), Object(Illuminate\Http\Request))
#28 /Users/richardmasefield/Documents/websites/oauth/satellizer/examples/server/php/vendor/laravel/framework/src/Illuminate/Routing/Router.php(705): Illuminate\Pipeline\Pipeline->then(Object(Closure))
#29 /Users/richardmasefield/Documents/websites/oauth/satellizer/examples/server/php/vendor/laravel/framework/src/Illuminate/Routing/Router.php(678): Illuminate\Routing\Router->runRouteWithinStack(Object(Illuminate\Routing\Route), Object(Illuminate\Http\Request))
#30 /Users/richardmasefield/Documents/websites/oauth/satellizer/examples/server/php/vendor/laravel/framework/src/Illuminate/Routing/Router.php(654): Illuminate\Routing\Router->dispatchToRoute(Object(Illuminate\Http\Request))
#31 /Users/richardmasefield/Documents/websites/oauth/satellizer/examples/server/php/vendor/laravel/framework/src/Illuminate/Foundation/Http/Kernel.php(246): Illuminate\Routing\Router->dispatch(Object(Illuminate\Http\Request))
#32 [internal function]: Illuminate\Foundation\Http\Kernel->Illuminate\Foundation\Http\{closure}(Object(Illuminate\Http\Request))
#33 /Users/richardmasefield/Documents/websites/oauth/satellizer/examples/server/php/vendor/laravel/framework/src/Illuminate/Pipeline/Pipeline.php(139): call_user_func(Object(Closure), Object(Illuminate\Http\Request))
#34 /Users/richardmasefield/Documents/websites/oauth/satellizer/examples/server/php/vendor/laravel/framework/src/Illuminate/View/Middleware/ShareErrorsFromSession.php(49): Illuminate\Pipeline\Pipeline->Illuminate\Pipeline\{closure}(Object(Illuminate\Http\Request))
#35 [internal function]: Illuminate\View\Middleware\ShareErrorsFromSession->handle(Object(Illuminate\Http\Request), Object(Closure))
#36 /Users/richardmasefield/Documents/websites/oauth/satellizer/examples/server/php/vendor/laravel/framework/src/Illuminate/Pipeline/Pipeline.php(124): call_user_func_array(Array, Array)
#37 /Users/richardmasefield/Documents/websites/oauth/satellizer/examples/server/php/vendor/laravel/framework/src/Illuminate/Session/Middleware/StartSession.php(62): Illuminate\Pipeline\Pipeline->Illuminate\Pipeline\{closure}(Object(Illuminate\Http\Request))
#38 [internal function]: Illuminate\Session\Middleware\StartSession->handle(Object(Illuminate\Http\Request), Object(Closure))
#39 /Users/richardmasefield/Documents/websites/oauth/satellizer/examples/server/php/vendor/laravel/framework/src/Illuminate/Pipeline/Pipeline.php(124): call_user_func_array(Array, Array)
#40 /Users/richardmasefield/Documents/websites/oauth/satellizer/examples/server/php/vendor/laravel/framework/src/Illuminate/Cookie/Middleware/AddQueuedCookiesToResponse.php(37): Illuminate\Pipeline\Pipeline->Illuminate\Pipeline\{closure}(Object(Illuminate\Http\Request))
#41 [internal function]: Illuminate\Cookie\Middleware\AddQueuedCookiesToResponse->handle(Object(Illuminate\Http\Request), Object(Closure))
#42 /Users/richardmasefield/Documents/websites/oauth/satellizer/examples/server/php/vendor/laravel/framework/src/Illuminate/Pipeline/Pipeline.php(124): call_user_func_array(Array, Array)
#43 /Users/richardmasefield/Documents/websites/oauth/satellizer/examples/server/php/vendor/laravel/framework/src/Illuminate/Cookie/Middleware/EncryptCookies.php(59): Illuminate\Pipeline\Pipeline->Illuminate\Pipeline\{closure}(Object(Illuminate\Http\Request))
#44 [internal function]: Illuminate\Cookie\Middleware\EncryptCookies->handle(Object(Illuminate\Http\Request), Object(Closure))
#45 /Users/richardmasefield/Documents/websites/oauth/satellizer/examples/server/php/vendor/laravel/framework/src/Illuminate/Pipeline/Pipeline.php(124): call_user_func_array(Array, Array)
#46 /Users/richardmasefield/Documents/websites/oauth/satellizer/examples/server/php/vendor/laravel/framework/src/Illuminate/Foundation/Http/Middleware/CheckForMaintenanceMode.php(44): Illuminate\Pipeline\Pipeline->Illuminate\Pipeline\{closure}(Object(Illuminate\Http\Request))
#47 [internal function]: Illuminate\Foundation\Http\Middleware\CheckForMaintenanceMode->handle(Object(Illuminate\Http\Request), Object(Closure))
#48 /Users/richardmasefield/Documents/websites/oauth/satellizer/examples/server/php/vendor/laravel/framework/src/Illuminate/Pipeline/Pipeline.php(124): call_user_func_array(Array, Array)
#49 [internal function]: Illuminate\Pipeline\Pipeline->Illuminate\Pipeline\{closure}(Object(Illuminate\Http\Request))
#50 /Users/richardmasefield/Documents/websites/oauth/satellizer/examples/server/php/vendor/laravel/framework/src/Illuminate/Pipeline/Pipeline.php(103): call_user_func(Object(Closure), Object(Illuminate\Http\Request))
#51 /Users/richardmasefield/Documents/websites/oauth/satellizer/examples/server/php/vendor/laravel/framework/src/Illuminate/Foundation/Http/Kernel.php(132): Illuminate\Pipeline\Pipeline->then(Object(Closure))
#52 /Users/richardmasefield/Documents/websites/oauth/satellizer/examples/server/php/vendor/laravel/framework/src/Illuminate/Foundation/Http/Kernel.php(99): Illuminate\Foundation\Http\Kernel->sendRequestThroughRouter(Object(Illuminate\Http\Request))
#53 /Users/richardmasefield/Documents/websites/oauth/satellizer/examples/server/php/public/index.php(53): Illuminate\Foundation\Http\Kernel->handle(Object(Illuminate\Http\Request))
#54 {main}  
[2016-06-21 19:35:38] development.ERROR: exception 'GuzzleHttp\Exception\ClientException' with message 'Client error: `GET https://graph.facebook.com/v2.5/oauth/access_token?code=AQCRptQTYR1MXyBKyEF9CA4qbb51Ww8MRNBfjtUqtUv5LQ4OmvPg4Oz6kpSTyuYzqXB1neLJY_uLSSxdCB4S9zDU1S8i6qRtIcK1V7CQGpcI9IgMgMtJRpCtjJzkLoJw12IokejyxvT6E2k238NIpe-32dZW2wSuzj5ATTeYT3g2pD1QNS-cnJpB_WqnVdrRn87RQPFV0JHWyEF3sqZCM-trWsAN7DpCe2zyLN_DKQSu0zcYivx3WxZWG6DQvgzWdsWh_RcN4Ws23FQzF2Mt6cWeQpsPlHo1bJ4XmXhnLjPHkmdlodRef1gHAEKzwCqw4as&client_id=1325731000788347&redirect_uri=http%3A%2F%2Foauth.local%2F&client_secret=` resulted in a `400 Bad Request` response:
{"error":{"message":"Error validating client secret.","type":"OAuthException","code":1,"fbtrace_id":"EMFQRzBsg4C"}}
' in /Users/richardmasefield/Documents/websites/oauth/satellizer/examples/server/php/vendor/guzzlehttp/guzzle/src/Exception/RequestException.php:107
Stack trace:
#0 /Users/richardmasefield/Documents/websites/oauth/satellizer/examples/server/php/vendor/guzzlehttp/guzzle/src/Middleware.php(65): GuzzleHttp\Exception\RequestException::create(Object(GuzzleHttp\Psr7\Request), Object(GuzzleHttp\Psr7\Response))
#1 /Users/richardmasefield/Documents/websites/oauth/satellizer/examples/server/php/vendor/guzzlehttp/promises/src/Promise.php(199): GuzzleHttp\Middleware::GuzzleHttp\{closure}(Object(GuzzleHttp\Psr7\Response))
#2 /Users/richardmasefield/Documents/websites/oauth/satellizer/examples/server/php/vendor/guzzlehttp/promises/src/Promise.php(152): GuzzleHttp\Promise\Promise::callHandler(1, Object(GuzzleHttp\Psr7\Response), Array)
#3 /Users/richardmasefield/Documents/websites/oauth/satellizer/examples/server/php/vendor/guzzlehttp/promises/src/TaskQueue.php(60): GuzzleHttp\Promise\Promise::GuzzleHttp\Promise\{closure}()
#4 /Users/richardmasefield/Documents/websites/oauth/satellizer/examples/server/php/vendor/guzzlehttp/promises/src/Promise.php(240): GuzzleHttp\Promise\TaskQueue->run(true)
#5 /Users/richardmasefield/Documents/websites/oauth/satellizer/examples/server/php/vendor/guzzlehttp/promises/src/Promise.php(217): GuzzleHttp\Promise\Promise->invokeWaitFn()
#6 /Users/richardmasefield/Documents/websites/oauth/satellizer/examples/server/php/vendor/guzzlehttp/promises/src/Promise.php(261): GuzzleHttp\Promise\Promise->waitIfPending()
#7 /Users/richardmasefield/Documents/websites/oauth/satellizer/examples/server/php/vendor/guzzlehttp/promises/src/Promise.php(219): GuzzleHttp\Promise\Promise->invokeWaitList()
#8 /Users/richardmasefield/Documents/websites/oauth/satellizer/examples/server/php/vendor/guzzlehttp/promises/src/Promise.php(62): GuzzleHttp\Promise\Promise->waitIfPending()
#9 /Users/richardmasefield/Documents/websites/oauth/satellizer/examples/server/php/vendor/guzzlehttp/guzzle/src/Client.php(129): GuzzleHttp\Promise\Promise->wait()
#10 /Users/richardmasefield/Documents/websites/oauth/satellizer/examples/server/php/app/Http/Controllers/AuthController.php(114): GuzzleHttp\Client->request('GET', 'https://graph.f...', Array)
#11 [internal function]: App\Http\Controllers\AuthController->facebook(Object(Illuminate\Http\Request))
#12 /Users/richardmasefield/Documents/websites/oauth/satellizer/examples/server/php/vendor/laravel/framework/src/Illuminate/Routing/Controller.php(76): call_user_func_array(Array, Array)
#13 /Users/richardmasefield/Documents/websites/oauth/satellizer/examples/server/php/vendor/laravel/framework/src/Illuminate/Routing/ControllerDispatcher.php(146): Illuminate\Routing\Controller->callAction('facebook', Array)
#14 /Users/richardmasefield/Documents/websites/oauth/satellizer/examples/server/php/vendor/laravel/framework/src/Illuminate/Routing/ControllerDispatcher.php(94): Illuminate\Routing\ControllerDispatcher->call(Object(App\Http\Controllers\AuthController), Object(Illuminate\Routing\Route), 'facebook')
#15 [internal function]: Illuminate\Routing\ControllerDispatcher->Illuminate\Routing\{closure}(Object(Illuminate\Http\Request))
#16 /Users/richardmasefield/Documents/websites/oauth/satellizer/examples/server/php/vendor/laravel/framework/src/Illuminate/Pipeline/Pipeline.php(139): call_user_func(Object(Closure), Object(Illuminate\Http\Request))
#17 [internal function]: Illuminate\Pipeline\Pipeline->Illuminate\Pipeline\{closure}(Object(Illuminate\Http\Request))
#18 /Users/richardmasefield/Documents/websites/oauth/satellizer/examples/server/php/vendor/laravel/framework/src/Illuminate/Pipeline/Pipeline.php(103): call_user_func(Object(Closure), Object(Illuminate\Http\Request))
#19 /Users/richardmasefield/Documents/websites/oauth/satellizer/examples/server/php/vendor/laravel/framework/src/Illuminate/Routing/ControllerDispatcher.php(96): Illuminate\Pipeline\Pipeline->then(Object(Closure))
#20 /Users/richardmasefield/Documents/websites/oauth/satellizer/examples/server/php/vendor/laravel/framework/src/Illuminate/Routing/ControllerDispatcher.php(54): Illuminate\Routing\ControllerDispatcher->callWithinStack(Object(App\Http\Controllers\AuthController), Object(Illuminate\Routing\Route), Object(Illuminate\Http\Request), 'facebook')
#21 /Users/richardmasefield/Documents/websites/oauth/satellizer/examples/server/php/vendor/laravel/framework/src/Illuminate/Routing/Route.php(174): Illuminate\Routing\ControllerDispatcher->dispatch(Object(Illuminate\Routing\Route), Object(Illuminate\Http\Request), 'App\Http\Contro...', 'facebook')
#22 /Users/richardmasefield/Documents/websites/oauth/satellizer/examples/server/php/vendor/laravel/framework/src/Illuminate/Routing/Route.php(140): Illuminate\Routing\Route->runController(Object(Illuminate\Http\Request))
#23 /Users/richardmasefield/Documents/websites/oauth/satellizer/examples/server/php/vendor/laravel/framework/src/Illuminate/Routing/Router.php(703): Illuminate\Routing\Route->run(Object(Illuminate\Http\Request))
#24 [internal function]: Illuminate\Routing\Router->Illuminate\Routing\{closure}(Object(Illuminate\Http\Request))
#25 /Users/richardmasefield/Documents/websites/oauth/satellizer/examples/server/php/vendor/laravel/framework/src/Illuminate/Pipeline/Pipeline.php(139): call_user_func(Object(Closure), Object(Illuminate\Http\Request))
#26 [internal function]: Illuminate\Pipeline\Pipeline->Illuminate\Pipeline\{closure}(Object(Illuminate\Http\Request))
#27 /Users/richardmasefield/Documents/websites/oauth/satellizer/examples/server/php/vendor/laravel/framework/src/Illuminate/Pipeline/Pipeline.php(103): call_user_func(Object(Closure), Object(Illuminate\Http\Request))
#28 /Users/richardmasefield/Documents/websites/oauth/satellizer/examples/server/php/vendor/laravel/framework/src/Illuminate/Routing/Router.php(705): Illuminate\Pipeline\Pipeline->then(Object(Closure))
#29 /Users/richardmasefield/Documents/websites/oauth/satellizer/examples/server/php/vendor/laravel/framework/src/Illuminate/Routing/Router.php(678): Illuminate\Routing\Router->runRouteWithinStack(Object(Illuminate\Routing\Route), Object(Illuminate\Http\Request))
#30 /Users/richardmasefield/Documents/websites/oauth/satellizer/examples/server/php/vendor/laravel/framework/src/Illuminate/Routing/Router.php(654): Illuminate\Routing\Router->dispatchToRoute(Object(Illuminate\Http\Request))
#31 /Users/richardmasefield/Documents/websites/oauth/satellizer/examples/server/php/vendor/laravel/framework/src/Illuminate/Foundation/Http/Kernel.php(246): Illuminate\Routing\Router->dispatch(Object(Illuminate\Http\Request))
#32 [internal function]: Illuminate\Foundation\Http\Kernel->Illuminate\Foundation\Http\{closure}(Object(Illuminate\Http\Request))
#33 /Users/richardmasefield/Documents/websites/oauth/satellizer/examples/server/php/vendor/laravel/framework/src/Illuminate/Pipeline/Pipeline.php(139): call_user_func(Object(Closure), Object(Illuminate\Http\Request))
#34 /Users/richardmasefield/Documents/websites/oauth/satellizer/examples/server/php/vendor/laravel/framework/src/Illuminate/View/Middleware/ShareErrorsFromSession.php(49): Illuminate\Pipeline\Pipeline->Illuminate\Pipeline\{closure}(Object(Illuminate\Http\Request))
#35 [internal function]: Illuminate\View\Middleware\ShareErrorsFromSession->handle(Object(Illuminate\Http\Request), Object(Closure))
#36 /Users/richardmasefield/Documents/websites/oauth/satellizer/examples/server/php/vendor/laravel/framework/src/Illuminate/Pipeline/Pipeline.php(124): call_user_func_array(Array, Array)
#37 /Users/richardmasefield/Documents/websites/oauth/satellizer/examples/server/php/vendor/laravel/framework/src/Illuminate/Session/Middleware/StartSession.php(62): Illuminate\Pipeline\Pipeline->Illuminate\Pipeline\{closure}(Object(Illuminate\Http\Request))
#38 [internal function]: Illuminate\Session\Middleware\StartSession->handle(Object(Illuminate\Http\Request), Object(Closure))
#39 /Users/richardmasefield/Documents/websites/oauth/satellizer/examples/server/php/vendor/laravel/framework/src/Illuminate/Pipeline/Pipeline.php(124): call_user_func_array(Array, Array)
#40 /Users/richardmasefield/Documents/websites/oauth/satellizer/examples/server/php/vendor/laravel/framework/src/Illuminate/Cookie/Middleware/AddQueuedCookiesToResponse.php(37): Illuminate\Pipeline\Pipeline->Illuminate\Pipeline\{closure}(Object(Illuminate\Http\Request))
#41 [internal function]: Illuminate\Cookie\Middleware\AddQueuedCookiesToResponse->handle(Object(Illuminate\Http\Request), Object(Closure))
#42 /Users/richardmasefield/Documents/websites/oauth/satellizer/examples/server/php/vendor/laravel/framework/src/Illuminate/Pipeline/Pipeline.php(124): call_user_func_array(Array, Array)
#43 /Users/richardmasefield/Documents/websites/oauth/satellizer/examples/server/php/vendor/laravel/framework/src/Illuminate/Cookie/Middleware/EncryptCookies.php(59): Illuminate\Pipeline\Pipeline->Illuminate\Pipeline\{closure}(Object(Illuminate\Http\Request))
#44 [internal function]: Illuminate\Cookie\Middleware\EncryptCookies->handle(Object(Illuminate\Http\Request), Object(Closure))
#45 /Users/richardmasefield/Documents/websites/oauth/satellizer/examples/server/php/vendor/laravel/framework/src/Illuminate/Pipeline/Pipeline.php(124): call_user_func_array(Array, Array)
#46 /Users/richardmasefield/Documents/websites/oauth/satellizer/examples/server/php/vendor/laravel/framework/src/Illuminate/Foundation/Http/Middleware/CheckForMaintenanceMode.php(44): Illuminate\Pipeline\Pipeline->Illuminate\Pipeline\{closure}(Object(Illuminate\Http\Request))
#47 [internal function]: Illuminate\Foundation\Http\Middleware\CheckForMaintenanceMode->handle(Object(Illuminate\Http\Request), Object(Closure))
#48 /Users/richardmasefield/Documents/websites/oauth/satellizer/examples/server/php/vendor/laravel/framework/src/Illuminate/Pipeline/Pipeline.php(124): call_user_func_array(Array, Array)
#49 [internal function]: Illuminate\Pipeline\Pipeline->Illuminate\Pipeline\{closure}(Object(Illuminate\Http\Request))
#50 /Users/richardmasefield/Documents/websites/oauth/satellizer/examples/server/php/vendor/laravel/framework/src/Illuminate/Pipeline/Pipeline.php(103): call_user_func(Object(Closure), Object(Illuminate\Http\Request))
#51 /Users/richardmasefield/Documents/websites/oauth/satellizer/examples/server/php/vendor/laravel/framework/src/Illuminate/Foundation/Http/Kernel.php(132): Illuminate\Pipeline\Pipeline->then(Object(Closure))
#52 /Users/richardmasefield/Documents/websites/oauth/satellizer/examples/server/php/vendor/laravel/framework/src/Illuminate/Foundation/Http/Kernel.php(99): Illuminate\Foundation\Http\Kernel->sendRequestThroughRouter(Object(Illuminate\Http\Request))
#53 /Users/richardmasefield/Documents/websites/oauth/satellizer/examples/server/php/public/index.php(53): Illuminate\Foundation\Http\Kernel->handle(Object(Illuminate\Http\Request))
#54 {main}  
